<?xml version="1.0" encoding="UTF-8"?>
<coverage generated="1777814585102" clover="3.2.0">
  <project timestamp="1777814585102" name="All files">
    <metrics statements="180" coveredstatements="127" conditionals="60" coveredconditionals="28" methods="34" coveredmethods="18" elements="274" coveredelements="173" complexity="0" loc="180" ncloc="180" packages="2" files="2" classes="2"/>
    <package name="Vote-saarthi">
      <metrics statements="154" coveredstatements="110" conditionals="56" coveredconditionals="26" methods="28" coveredmethods="12"/>
      <file name="server.js" path="/Users/ananyakarn/Desktop/dev_ananya/vote-saarthi/Vote-saarthi/server.js">
        <metrics statements="154" coveredstatements="110" conditionals="56" coveredconditionals="26" methods="28" coveredmethods="12"/>
        <line num="1" count="3" type="stmt"/>
        <line num="2" count="3" type="stmt"/>
        <line num="3" count="3" type="stmt"/>
        <line num="4" count="3" type="stmt"/>
        <line num="5" count="3" type="stmt"/>
        <line num="6" count="3" type="stmt"/>
        <line num="7" count="3" type="stmt"/>
        <line num="8" count="3" type="stmt"/>
        <line num="9" count="3" type="stmt"/>
        <line num="12" count="3" type="stmt"/>
        <line num="13" count="3" type="stmt"/>
        <line num="14" count="3" type="stmt"/>
        <line num="15" count="3" type="stmt"/>
        <line num="16" count="3" type="stmt"/>
        <line num="17" count="3" type="stmt"/>
        <line num="18" count="3" type="stmt"/>
        <line num="19" count="3" type="stmt"/>
        <line num="20" count="3" type="stmt"/>
        <line num="21" count="3" type="stmt"/>
        <line num="22" count="3" type="stmt"/>
        <line num="25" count="3" type="stmt"/>
        <line num="26" count="3" type="stmt"/>
        <line num="27" count="3" type="stmt"/>
        <line num="29" count="3" type="stmt"/>
        <line num="30" count="3" type="cond" truecount="1" falsecount="1"/>
        <line num="33" count="3" type="stmt"/>
        <line num="34" count="3" type="stmt"/>
        <line num="35" count="3" type="stmt"/>
        <line num="38" count="3" type="stmt"/>
        <line num="39" count="3" type="stmt"/>
        <line num="42" count="3" type="stmt"/>
        <line num="59" count="3" type="stmt"/>
        <line num="60" count="3" type="stmt"/>
        <line num="61" count="3" type="stmt"/>
        <line num="62" count="3" type="stmt"/>
        <line num="63" count="3" type="stmt"/>
        <line num="64" count="3" type="stmt"/>
        <line num="68" count="3" type="stmt"/>
        <line num="69" count="17" type="stmt"/>
        <line num="70" count="17" type="stmt"/>
        <line num="71" count="17" type="stmt"/>
        <line num="72" count="17" type="cond" truecount="1" falsecount="1"/>
        <line num="73" count="0" type="stmt"/>
        <line num="76" count="17" type="stmt"/>
        <line num="80" count="3" type="stmt"/>
        <line num="92" count="3" type="stmt"/>
        <line num="95" count="3" type="stmt"/>
        <line num="101" count="3" type="stmt"/>
        <line num="107" count="3" type="stmt"/>
        <line num="110" count="3" type="stmt"/>
        <line num="114" count="3" type="stmt"/>
        <line num="115" count="5" type="stmt"/>
        <line num="116" count="5" type="cond" truecount="4" falsecount="0"/>
        <line num="117" count="1" type="stmt"/>
        <line num="119" count="4" type="stmt"/>
        <line num="120" count="4" type="cond" truecount="2" falsecount="0"/>
        <line num="121" count="1" type="stmt"/>
        <line num="123" count="3" type="stmt"/>
        <line num="124" count="3" type="stmt"/>
        <line num="125" count="3" type="stmt"/>
        <line num="126" count="3" type="stmt"/>
        <line num="133" count="3" type="stmt"/>
        <line num="134" count="1" type="stmt"/>
        <line num="135" count="1" type="cond" truecount="1" falsecount="1"/>
        <line num="136" count="1" type="stmt"/>
        <line num="140" count="3" type="stmt"/>
        <line num="141" count="2" type="cond" truecount="2" falsecount="0"/>
        <line num="142" count="1" type="stmt"/>
        <line num="144" count="1" type="stmt"/>
        <line num="145" count="1" type="stmt"/>
        <line num="146" count="1" type="cond" truecount="1" falsecount="1"/>
        <line num="147" count="0" type="stmt"/>
        <line num="148" count="0" type="stmt"/>
        <line num="150" count="1" type="stmt"/>
        <line num="160" count="8" type="cond" truecount="2" falsecount="0"/>
        <line num="161" count="5" type="stmt"/>
        <line num="166" count="3" type="stmt"/>
        <line num="167" count="0" type="stmt"/>
        <line num="168" count="0" type="cond" truecount="0" falsecount="4"/>
        <line num="171" count="0" type="stmt"/>
        <line num="554" count="0" type="stmt"/>
        <line num="555" count="0" type="stmt"/>
        <line num="556" count="0" type="stmt"/>
        <line num="557" count="0" type="stmt"/>
        <line num="559" count="0" type="cond" truecount="0" falsecount="2"/>
        <line num="560" count="0" type="cond" truecount="0" falsecount="2"/>
        <line num="561" count="0" type="stmt"/>
        <line num="562" count="0" type="stmt"/>
        <line num="563" count="0" type="stmt"/>
        <line num="565" count="0" type="cond" truecount="0" falsecount="2"/>
        <line num="568" count="0" type="stmt"/>
        <line num="571" count="0" type="stmt"/>
        <line num="572" count="0" type="stmt"/>
        <line num="575" count="0" type="stmt"/>
        <line num="576" count="0" type="stmt"/>
        <line num="582" count="3" type="stmt"/>
        <line num="583" count="0" type="stmt"/>
        <line num="584" count="0" type="cond" truecount="0" falsecount="2"/>
        <line num="585" count="0" type="stmt"/>
        <line num="588" count="3" type="stmt"/>
        <line num="589" count="0" type="stmt"/>
        <line num="590" count="0" type="cond" truecount="0" falsecount="2"/>
        <line num="591" count="0" type="stmt"/>
        <line num="594" count="3" type="stmt"/>
        <line num="595" count="0" type="stmt"/>
        <line num="596" count="0" type="cond" truecount="0" falsecount="4"/>
        <line num="597" count="0" type="stmt"/>
        <line num="599" count="0" type="stmt"/>
        <line num="604" count="3" type="stmt"/>
        <line num="605" count="1" type="stmt"/>
        <line num="606" count="1" type="stmt"/>
        <line num="608" count="0" type="stmt"/>
        <line num="612" count="3" type="stmt"/>
        <line num="613" count="2" type="stmt"/>
        <line num="614" count="2" type="stmt"/>
        <line num="616" count="2" type="cond" truecount="2" falsecount="0"/>
        <line num="617" count="1" type="stmt"/>
        <line num="619" count="1" type="cond" truecount="4" falsecount="1"/>
        <line num="620" count="0" type="stmt"/>
        <line num="624" count="1" type="stmt"/>
        <line num="625" count="1" type="stmt"/>
        <line num="627" count="1" type="stmt"/>
        <line num="635" count="1" type="stmt"/>
        <line num="636" count="1" type="stmt"/>
        <line num="639" count="1" type="stmt"/>
        <line num="640" count="1" type="cond" truecount="1" falsecount="1"/>
        <line num="641" count="0" type="stmt"/>
        <line num="643" count="1" type="stmt"/>
        <line num="646" count="1" type="stmt"/>
        <line num="655" count="3" type="stmt"/>
        <line num="657" count="1" type="cond" truecount="2" falsecount="0"/>
        <line num="658" count="1" type="stmt"/>
        <line num="661" count="3" type="stmt"/>
        <line num="663" count="1" type="cond" truecount="1" falsecount="1"/>
        <line num="664" count="0" type="stmt"/>
        <line num="666" count="1" type="stmt"/>
        <line num="669" count="3" type="stmt"/>
        <line num="671" count="1" type="stmt"/>
        <line num="676" count="3" type="stmt"/>
        <line num="677" count="3" type="stmt"/>
        <line num="678" count="3" type="stmt"/>
        <line num="679" count="3" type="stmt"/>
        <line num="680" count="3" type="stmt"/>
        <line num="685" count="0" type="stmt"/>
        <line num="686" count="0" type="stmt"/>
        <line num="687" count="0" type="stmt"/>
        <line num="688" count="0" type="cond" truecount="0" falsecount="2"/>
        <line num="689" count="0" type="stmt"/>
        <line num="690" count="0" type="stmt"/>
        <line num="691" count="0" type="stmt"/>
        <line num="693" count="0" type="stmt"/>
        <line num="698" count="3" type="cond" truecount="1" falsecount="1"/>
        <line num="699" count="0" type="stmt"/>
        <line num="702" count="3" type="stmt"/>
      </file>
    </package>
    <package name="Vote-saarthi.crypto">
      <metrics statements="26" coveredstatements="17" conditionals="4" coveredconditionals="2" methods="6" coveredmethods="6"/>
      <file name="keys.js" path="/Users/ananyakarn/Desktop/dev_ananya/vote-saarthi/Vote-saarthi/crypto/keys.js">
        <metrics statements="26" coveredstatements="17" conditionals="4" coveredconditionals="2" methods="6" coveredmethods="6"/>
        <line num="1" count="3" type="stmt"/>
        <line num="3" count="3" type="stmt"/>
        <line num="6" count="1" type="stmt"/>
        <line num="7" count="1" type="stmt"/>
        <line num="12" count="1" type="cond" truecount="1" falsecount="1"/>
        <line num="13" count="1" type="stmt"/>
        <line num="14" count="1" type="stmt"/>
        <line num="15" count="1" type="stmt"/>
        <line num="21" count="1" type="cond" truecount="1" falsecount="1"/>
        <line num="22" count="1" type="stmt"/>
        <line num="26" count="1" type="stmt"/>
        <line num="27" count="1" type="stmt"/>
        <line num="28" count="1" type="stmt"/>
        <line num="32" count="0" type="stmt"/>
        <line num="33" count="0" type="stmt"/>
        <line num="34" count="0" type="stmt"/>
        <line num="35" count="0" type="stmt"/>
        <line num="36" count="0" type="stmt"/>
        <line num="37" count="0" type="stmt"/>
        <line num="38" count="0" type="stmt"/>
        <line num="39" count="0" type="stmt"/>
        <line num="40" count="0" type="stmt"/>
        <line num="42" count="1" type="stmt"/>
        <line num="43" count="1" type="stmt"/>
        <line num="48" count="1" type="stmt"/>
        <line num="51" count="3" type="stmt"/>
      </file>
    </package>
  </project>
</coverage>
