{"/Users/ananyakarn/Desktop/dev_ananya/vote-saarthi/Vote-saarthi/server.js": {"path":"/Users/ananyakarn/Desktop/dev_ananya/vote-saarthi/Vote-saarthi/server.js","statementMap":{"0":{"start":{"line":1,"column":0},"end":{"line":1,"column":27}},"1":{"start":{"line":2,"column":16},"end":{"line":2,"column":34}},"2":{"start":{"line":3,"column":16},"end":{"line":3,"column":42}},"3":{"start":{"line":4,"column":15},"end":{"line":4,"column":32}},"4":{"start":{"line":5,"column":18},"end":{"line":5,"column":47}},"5":{"start":{"line":6,"column":13},"end":{"line":6,"column":28}},"6":{"start":{"line":7,"column":12},"end":{"line":7,"column":26}},"7":{"start":{"line":8,"column":0},"end":{"line":8,"column":39}},"8":{"start":{"line":9,"column":76},"end":{"line":9,"column":100}},"9":{"start":{"line":12,"column":13},"end":{"line":12,"column":28}},"10":{"start":{"line":13,"column":19},"end":{"line":13,"column":40}},"11":{"start":{"line":14,"column":22},"end":{"line":14,"column":59}},"12":{"start":{"line":15,"column":31},"end":{"line":15,"column":63}},"13":{"start":{"line":16,"column":20},"end":{"line":16,"column":52}},"14":{"start":{"line":17,"column":21},"end":{"line":17,"column":54}},"15":{"start":{"line":18,"column":40},"end":{"line":18,"column":74}},"16":{"start":{"line":19,"column":22},"end":{"line":19,"column":55}},"17":{"start":{"line":20,"column":12},"end":{"line":20,"column":32}},"18":{"start":{"line":21,"column":12},"end":{"line":21,"column":26}},"19":{"start":{"line":22,"column":14},"end":{"line":22,"column":30}},"20":{"start":{"line":25,"column":23},"end":{"line":25,"column":37}},"21":{"start":{"line":26,"column":22},"end":{"line":26,"column":35}},"22":{"start":{"line":27,"column":24},"end":{"line":27,"column":57}},"23":{"start":{"line":29,"column":12},"end":{"line":29,"column":21}},"24":{"start":{"line":30,"column":13},"end":{"line":30,"column":37}},"25":{"start":{"line":33,"column":15},"end":{"line":33,"column":44}},"26":{"start":{"line":34,"column":23},"end":{"line":34,"column":60}},"27":{"start":{"line":35,"column":19},"end":{"line":35,"column":52}},"28":{"start":{"line":38,"column":18},"end":{"line":38,"column":27}},"29":{"start":{"line":39,"column":20},"end":{"line":39,"column":29}},"30":{"start":{"line":42,"column":0},"end":{"line":57,"column":4}},"31":{"start":{"line":59,"column":0},"end":{"line":59,"column":16}},"32":{"start":{"line":60,"column":0},"end":{"line":60,"column":41}},"33":{"start":{"line":61,"column":0},"end":{"line":61,"column":63}},"34":{"start":{"line":62,"column":0},"end":{"line":62,"column":25}},"35":{"start":{"line":63,"column":0},"end":{"line":63,"column":15}},"36":{"start":{"line":64,"column":0},"end":{"line":64,"column":15}},"37":{"start":{"line":68,"column":0},"end":{"line":77,"column":3}},"38":{"start":{"line":69,"column":16},"end":{"line":69,"column":26}},"39":{"start":{"line":70,"column":2},"end":{"line":75,"column":5}},"40":{"start":{"line":71,"column":15},"end":{"line":71,"column":33}},"41":{"start":{"line":72,"column":4},"end":{"line":74,"column":5}},"42":{"start":{"line":73,"column":6},"end":{"line":73,"column":105}},"43":{"start":{"line":76,"column":2},"end":{"line":76,"column":9}},"44":{"start":{"line":80,"column":0},"end":{"line":90,"column":4}},"45":{"start":{"line":92,"column":0},"end":{"line":92,"column":102}},"46":{"start":{"line":95,"column":20},"end":{"line":99,"column":2}},"47":{"start":{"line":101,"column":19},"end":{"line":105,"column":2}},"48":{"start":{"line":107,"column":0},"end":{"line":107,"column":29}},"49":{"start":{"line":110,"column":0},"end":{"line":110,"column":56}},"50":{"start":{"line":114,"column":0},"end":{"line":131,"column":3}},"51":{"start":{"line":115,"column":22},"end":{"line":115,"column":30}},"52":{"start":{"line":116,"column":2},"end":{"line":118,"column":3}},"53":{"start":{"line":117,"column":4},"end":{"line":117,"column":140}},"54":{"start":{"line":119,"column":16},"end":{"line":119,"column":31}},"55":{"start":{"line":120,"column":2},"end":{"line":122,"column":3}},"56":{"start":{"line":121,"column":4},"end":{"line":121,"column":102}},"57":{"start":{"line":123,"column":2},"end":{"line":123,"column":44}},"58":{"start":{"line":124,"column":2},"end":{"line":124,"column":37}},"59":{"start":{"line":125,"column":2},"end":{"line":125,"column":50}},"60":{"start":{"line":126,"column":2},"end":{"line":130,"column":5}},"61":{"start":{"line":133,"column":0},"end":{"line":138,"column":3}},"62":{"start":{"line":134,"column":2},"end":{"line":137,"column":5}},"63":{"start":{"line":135,"column":4},"end":{"line":135,"column":69}},"64":{"start":{"line":135,"column":13},"end":{"line":135,"column":69}},"65":{"start":{"line":136,"column":4},"end":{"line":136,"column":32}},"66":{"start":{"line":140,"column":0},"end":{"line":156,"column":3}},"67":{"start":{"line":141,"column":2},"end":{"line":143,"column":3}},"68":{"start":{"line":142,"column":4},"end":{"line":142,"column":58}},"69":{"start":{"line":144,"column":18},"end":{"line":144,"column":52}},"70":{"start":{"line":145,"column":20},"end":{"line":145,"column":57}},"71":{"start":{"line":146,"column":2},"end":{"line":149,"column":3}},"72":{"start":{"line":147,"column":4},"end":{"line":147,"column":34}},"73":{"start":{"line":148,"column":4},"end":{"line":148,"column":85}},"74":{"start":{"line":150,"column":2},"end":{"line":155,"column":5}},"75":{"start":{"line":160,"column":2},"end":{"line":160,"column":86}},"76":{"start":{"line":160,"column":26},"end":{"line":160,"column":86}},"77":{"start":{"line":161,"column":2},"end":{"line":161,"column":9}},"78":{"start":{"line":166,"column":0},"end":{"line":578,"column":3}},"79":{"start":{"line":167,"column":32},"end":{"line":167,"column":40}},"80":{"start":{"line":168,"column":2},"end":{"line":168,"column":99}},"81":{"start":{"line":168,"column":29},"end":{"line":168,"column":99}},"82":{"start":{"line":171,"column":23},"end":{"line":552,"column":3}},"83":{"start":{"line":554,"column":2},"end":{"line":577,"column":3}},"84":{"start":{"line":555,"column":25},"end":{"line":569,"column":6}},"85":{"start":{"line":556,"column":23},"end":{"line":556,"column":27}},"86":{"start":{"line":557,"column":23},"end":{"line":557,"column":47}},"87":{"start":{"line":559,"column":6},"end":{"line":567,"column":7}},"88":{"start":{"line":560,"column":8},"end":{"line":566,"column":9}},"89":{"start":{"line":561,"column":23},"end":{"line":561,"column":69}},"90":{"start":{"line":562,"column":32},"end":{"line":562,"column":184}},"91":{"start":{"line":563,"column":10},"end":{"line":563,"column":64}},"92":{"start":{"line":565,"column":10},"end":{"line":565,"column":46}},"93":{"start":{"line":568,"column":6},"end":{"line":568,"column":74}},"94":{"start":{"line":571,"column":4},"end":{"line":573,"column":12}},"95":{"start":{"line":572,"column":6},"end":{"line":572,"column":33}},"96":{"start":{"line":575,"column":4},"end":{"line":575,"column":53}},"97":{"start":{"line":576,"column":4},"end":{"line":576,"column":88}},"98":{"start":{"line":576,"column":45},"end":{"line":576,"column":66}},"99":{"start":{"line":582,"column":0},"end":{"line":586,"column":3}},"100":{"start":{"line":583,"column":23},"end":{"line":583,"column":64}},"101":{"start":{"line":584,"column":2},"end":{"line":584,"column":86}},"102":{"start":{"line":584,"column":21},"end":{"line":584,"column":86}},"103":{"start":{"line":585,"column":2},"end":{"line":585,"column":25}},"104":{"start":{"line":588,"column":0},"end":{"line":592,"column":3}},"105":{"start":{"line":589,"column":24},"end":{"line":589,"column":61}},"106":{"start":{"line":590,"column":2},"end":{"line":590,"column":107}},"107":{"start":{"line":590,"column":22},"end":{"line":590,"column":107}},"108":{"start":{"line":591,"column":2},"end":{"line":591,"column":26}},"109":{"start":{"line":594,"column":0},"end":{"line":600,"column":3}},"110":{"start":{"line":595,"column":14},"end":{"line":595,"column":45}},"111":{"start":{"line":596,"column":2},"end":{"line":598,"column":3}},"112":{"start":{"line":597,"column":4},"end":{"line":597,"column":47}},"113":{"start":{"line":599,"column":2},"end":{"line":599,"column":20}},"114":{"start":{"line":604,"column":0},"end":{"line":610,"column":3}},"115":{"start":{"line":605,"column":2},"end":{"line":609,"column":3}},"116":{"start":{"line":606,"column":4},"end":{"line":606,"column":44}},"117":{"start":{"line":608,"column":4},"end":{"line":608,"column":65}},"118":{"start":{"line":612,"column":0},"end":{"line":652,"column":3}},"119":{"start":{"line":613,"column":46},"end":{"line":613,"column":54}},"120":{"start":{"line":614,"column":18},"end":{"line":614,"column":43}},"121":{"start":{"line":616,"column":2},"end":{"line":618,"column":3}},"122":{"start":{"line":617,"column":4},"end":{"line":617,"column":79}},"123":{"start":{"line":619,"column":2},"end":{"line":621,"column":3}},"124":{"start":{"line":620,"column":4},"end":{"line":620,"column":78}},"125":{"start":{"line":624,"column":20},"end":{"line":624,"column":44}},"126":{"start":{"line":625,"column":22},"end":{"line":625,"column":61}},"127":{"start":{"line":627,"column":2},"end":{"line":633,"column":5}},"128":{"start":{"line":635,"column":2},"end":{"line":635,"column":27}},"129":{"start":{"line":636,"column":2},"end":{"line":636,"column":30}},"130":{"start":{"line":639,"column":24},"end":{"line":639,"column":68}},"131":{"start":{"line":640,"column":2},"end":{"line":644,"column":3}},"132":{"start":{"line":641,"column":4},"end":{"line":641,"column":130}},"133":{"start":{"line":643,"column":4},"end":{"line":643,"column":74}},"134":{"start":{"line":646,"column":2},"end":{"line":651,"column":5}},"135":{"start":{"line":655,"column":0},"end":{"line":659,"column":3}},"136":{"start":{"line":657,"column":16},"end":{"line":657,"column":80}},"137":{"start":{"line":658,"column":2},"end":{"line":658,"column":105}},"138":{"start":{"line":661,"column":0},"end":{"line":667,"column":3}},"139":{"start":{"line":663,"column":2},"end":{"line":665,"column":3}},"140":{"start":{"line":664,"column":4},"end":{"line":664,"column":96}},"141":{"start":{"line":666,"column":2},"end":{"line":666,"column":79}},"142":{"start":{"line":669,"column":0},"end":{"line":672,"column":3}},"143":{"start":{"line":671,"column":2},"end":{"line":671,"column":112}},"144":{"start":{"line":676,"column":0},"end":{"line":676,"column":87}},"145":{"start":{"line":676,"column":27},"end":{"line":676,"column":85}},"146":{"start":{"line":677,"column":0},"end":{"line":677,"column":100}},"147":{"start":{"line":677,"column":36},"end":{"line":677,"column":98}},"148":{"start":{"line":678,"column":0},"end":{"line":678,"column":92}},"149":{"start":{"line":678,"column":32},"end":{"line":678,"column":90}},"150":{"start":{"line":679,"column":0},"end":{"line":679,"column":106}},"151":{"start":{"line":679,"column":39},"end":{"line":679,"column":104}},"152":{"start":{"line":680,"column":0},"end":{"line":680,"column":90}},"153":{"start":{"line":680,"column":31},"end":{"line":680,"column":88}},"154":{"start":{"line":685,"column":2},"end":{"line":685,"column":26}},"155":{"start":{"line":686,"column":2},"end":{"line":695,"column":5}},"156":{"start":{"line":687,"column":19},"end":{"line":694,"column":6}},"157":{"start":{"line":688,"column":6},"end":{"line":692,"column":7}},"158":{"start":{"line":689,"column":8},"end":{"line":689,"column":82}},"159":{"start":{"line":690,"column":8},"end":{"line":690,"column":77}},"160":{"start":{"line":691,"column":8},"end":{"line":691,"column":51}},"161":{"start":{"line":693,"column":6},"end":{"line":693,"column":22}},"162":{"start":{"line":698,"column":0},"end":{"line":700,"column":1}},"163":{"start":{"line":699,"column":2},"end":{"line":699,"column":31}},"164":{"start":{"line":702,"column":0},"end":{"line":702,"column":32}}},"fnMap":{"0":{"name":"(anonymous_0)","decl":{"start":{"line":68,"column":8},"end":{"line":68,"column":9}},"loc":{"start":{"line":68,"column":28},"end":{"line":77,"column":1}},"line":68},"1":{"name":"(anonymous_1)","decl":{"start":{"line":70,"column":19},"end":{"line":70,"column":20}},"loc":{"start":{"line":70,"column":25},"end":{"line":75,"column":3}},"line":70},"2":{"name":"(anonymous_2)","decl":{"start":{"line":114,"column":28},"end":{"line":114,"column":29}},"loc":{"start":{"line":114,"column":42},"end":{"line":131,"column":1}},"line":114},"3":{"name":"(anonymous_3)","decl":{"start":{"line":133,"column":29},"end":{"line":133,"column":30}},"loc":{"start":{"line":133,"column":43},"end":{"line":138,"column":1}},"line":133},"4":{"name":"(anonymous_4)","decl":{"start":{"line":134,"column":22},"end":{"line":134,"column":23}},"loc":{"start":{"line":134,"column":31},"end":{"line":137,"column":3}},"line":134},"5":{"name":"(anonymous_5)","decl":{"start":{"line":140,"column":29},"end":{"line":140,"column":30}},"loc":{"start":{"line":140,"column":43},"end":{"line":156,"column":1}},"line":140},"6":{"name":"(anonymous_6)","decl":{"start":{"line":147,"column":24},"end":{"line":147,"column":25}},"loc":{"start":{"line":147,"column":30},"end":{"line":147,"column":32}},"line":147},"7":{"name":"requireAuth","decl":{"start":{"line":159,"column":9},"end":{"line":159,"column":20}},"loc":{"start":{"line":159,"column":37},"end":{"line":162,"column":1}},"line":159},"8":{"name":"(anonymous_8)","decl":{"start":{"line":166,"column":40},"end":{"line":166,"column":41}},"loc":{"start":{"line":166,"column":60},"end":{"line":578,"column":1}},"line":166},"9":{"name":"(anonymous_9)","decl":{"start":{"line":555,"column":35},"end":{"line":555,"column":36}},"loc":{"start":{"line":555,"column":43},"end":{"line":569,"column":5}},"line":555},"10":{"name":"(anonymous_10)","decl":{"start":{"line":571,"column":15},"end":{"line":571,"column":16}},"loc":{"start":{"line":571,"column":21},"end":{"line":573,"column":5}},"line":571},"11":{"name":"(anonymous_11)","decl":{"start":{"line":576,"column":39},"end":{"line":576,"column":40}},"loc":{"start":{"line":576,"column":45},"end":{"line":576,"column":66}},"line":576},"12":{"name":"(anonymous_12)","decl":{"start":{"line":582,"column":52},"end":{"line":582,"column":53}},"loc":{"start":{"line":582,"column":66},"end":{"line":586,"column":1}},"line":582},"13":{"name":"(anonymous_13)","decl":{"start":{"line":588,"column":56},"end":{"line":588,"column":57}},"loc":{"start":{"line":588,"column":70},"end":{"line":592,"column":1}},"line":588},"14":{"name":"(anonymous_14)","decl":{"start":{"line":594,"column":38},"end":{"line":594,"column":39}},"loc":{"start":{"line":594,"column":52},"end":{"line":600,"column":1}},"line":594},"15":{"name":"(anonymous_15)","decl":{"start":{"line":604,"column":45},"end":{"line":604,"column":46}},"loc":{"start":{"line":604,"column":59},"end":{"line":610,"column":1}},"line":604},"16":{"name":"(anonymous_16)","decl":{"start":{"line":612,"column":55},"end":{"line":612,"column":56}},"loc":{"start":{"line":612,"column":69},"end":{"line":652,"column":1}},"line":612},"17":{"name":"(anonymous_17)","decl":{"start":{"line":655,"column":30},"end":{"line":655,"column":31}},"loc":{"start":{"line":655,"column":44},"end":{"line":659,"column":1}},"line":655},"18":{"name":"(anonymous_18)","decl":{"start":{"line":661,"column":45},"end":{"line":661,"column":46}},"loc":{"start":{"line":661,"column":59},"end":{"line":667,"column":1}},"line":661},"19":{"name":"(anonymous_19)","decl":{"start":{"line":669,"column":47},"end":{"line":669,"column":48}},"loc":{"start":{"line":669,"column":61},"end":{"line":672,"column":1}},"line":669},"20":{"name":"(anonymous_20)","decl":{"start":{"line":676,"column":13},"end":{"line":676,"column":14}},"loc":{"start":{"line":676,"column":27},"end":{"line":676,"column":85}},"line":676},"21":{"name":"(anonymous_21)","decl":{"start":{"line":677,"column":22},"end":{"line":677,"column":23}},"loc":{"start":{"line":677,"column":36},"end":{"line":677,"column":98}},"line":677},"22":{"name":"(anonymous_22)","decl":{"start":{"line":678,"column":18},"end":{"line":678,"column":19}},"loc":{"start":{"line":678,"column":32},"end":{"line":678,"column":90}},"line":678},"23":{"name":"(anonymous_23)","decl":{"start":{"line":679,"column":25},"end":{"line":679,"column":26}},"loc":{"start":{"line":679,"column":39},"end":{"line":679,"column":104}},"line":679},"24":{"name":"(anonymous_24)","decl":{"start":{"line":680,"column":17},"end":{"line":680,"column":18}},"loc":{"start":{"line":680,"column":31},"end":{"line":680,"column":88}},"line":680},"25":{"name":"start","decl":{"start":{"line":684,"column":15},"end":{"line":684,"column":20}},"loc":{"start":{"line":684,"column":34},"end":{"line":696,"column":1}},"line":684},"26":{"name":"(anonymous_26)","decl":{"start":{"line":686,"column":21},"end":{"line":686,"column":22}},"loc":{"start":{"line":686,"column":34},"end":{"line":695,"column":3}},"line":686},"27":{"name":"(anonymous_27)","decl":{"start":{"line":687,"column":36},"end":{"line":687,"column":37}},"loc":{"start":{"line":687,"column":42},"end":{"line":694,"column":5}},"line":687}},"branchMap":{"0":{"loc":{"start":{"line":30,"column":13},"end":{"line":30,"column":37}},"type":"binary-expr","locations":[{"start":{"line":30,"column":13},"end":{"line":30,"column":29}},{"start":{"line":30,"column":33},"end":{"line":30,"column":37}}],"line":30},"1":{"loc":{"start":{"line":72,"column":4},"end":{"line":74,"column":5}},"type":"if","locations":[{"start":{"line":72,"column":4},"end":{"line":74,"column":5}},{"start":{},"end":{}}],"line":72},"2":{"loc":{"start":{"line":81,"column":10},"end":{"line":81,"column":70}},"type":"binary-expr","locations":[{"start":{"line":81,"column":10},"end":{"line":81,"column":36}},{"start":{"line":81,"column":40},"end":{"line":81,"column":70}}],"line":81},"3":{"loc":{"start":{"line":116,"column":2},"end":{"line":118,"column":3}},"type":"if","locations":[{"start":{"line":116,"column":2},"end":{"line":118,"column":3}},{"start":{},"end":{}}],"line":116},"4":{"loc":{"start":{"line":116,"column":6},"end":{"line":116,"column":53}},"type":"binary-expr","locations":[{"start":{"line":116,"column":6},"end":{"line":116,"column":14}},{"start":{"line":116,"column":18},"end":{"line":116,"column":53}}],"line":116},"5":{"loc":{"start":{"line":120,"column":2},"end":{"line":122,"column":3}},"type":"if","locations":[{"start":{"line":120,"column":2},"end":{"line":122,"column":3}},{"start":{},"end":{}}],"line":120},"6":{"loc":{"start":{"line":135,"column":4},"end":{"line":135,"column":69}},"type":"if","locations":[{"start":{"line":135,"column":4},"end":{"line":135,"column":69}},{"start":{},"end":{}}],"line":135},"7":{"loc":{"start":{"line":141,"column":2},"end":{"line":143,"column":3}},"type":"if","locations":[{"start":{"line":141,"column":2},"end":{"line":143,"column":3}},{"start":{},"end":{}}],"line":141},"8":{"loc":{"start":{"line":146,"column":2},"end":{"line":149,"column":3}},"type":"if","locations":[{"start":{"line":146,"column":2},"end":{"line":149,"column":3}},{"start":{},"end":{}}],"line":146},"9":{"loc":{"start":{"line":160,"column":2},"end":{"line":160,"column":86}},"type":"if","locations":[{"start":{"line":160,"column":2},"end":{"line":160,"column":86}},{"start":{},"end":{}}],"line":160},"10":{"loc":{"start":{"line":168,"column":2},"end":{"line":168,"column":99}},"type":"if","locations":[{"start":{"line":168,"column":2},"end":{"line":168,"column":99}},{"start":{},"end":{}}],"line":168},"11":{"loc":{"start":{"line":168,"column":6},"end":{"line":168,"column":27}},"type":"binary-expr","locations":[{"start":{"line":168,"column":6},"end":{"line":168,"column":12}},{"start":{"line":168,"column":16},"end":{"line":168,"column":27}}],"line":168},"12":{"loc":{"start":{"line":559,"column":6},"end":{"line":567,"column":7}},"type":"if","locations":[{"start":{"line":559,"column":6},"end":{"line":567,"column":7}},{"start":{},"end":{}}],"line":559},"13":{"loc":{"start":{"line":560,"column":8},"end":{"line":566,"column":9}},"type":"if","locations":[{"start":{"line":560,"column":8},"end":{"line":566,"column":9}},{"start":{"line":564,"column":15},"end":{"line":566,"column":9}}],"line":560},"14":{"loc":{"start":{"line":565,"column":23},"end":{"line":565,"column":45}},"type":"binary-expr","locations":[{"start":{"line":565,"column":23},"end":{"line":565,"column":37}},{"start":{"line":565,"column":41},"end":{"line":565,"column":45}}],"line":565},"15":{"loc":{"start":{"line":584,"column":2},"end":{"line":584,"column":86}},"type":"if","locations":[{"start":{"line":584,"column":2},"end":{"line":584,"column":86}},{"start":{},"end":{}}],"line":584},"16":{"loc":{"start":{"line":590,"column":2},"end":{"line":590,"column":107}},"type":"if","locations":[{"start":{"line":590,"column":2},"end":{"line":590,"column":107}},{"start":{},"end":{}}],"line":590},"17":{"loc":{"start":{"line":596,"column":2},"end":{"line":598,"column":3}},"type":"if","locations":[{"start":{"line":596,"column":2},"end":{"line":598,"column":3}},{"start":{},"end":{}}],"line":596},"18":{"loc":{"start":{"line":596,"column":6},"end":{"line":596,"column":53}},"type":"binary-expr","locations":[{"start":{"line":596,"column":6},"end":{"line":596,"column":10}},{"start":{"line":596,"column":14},"end":{"line":596,"column":53}}],"line":596},"19":{"loc":{"start":{"line":616,"column":2},"end":{"line":618,"column":3}},"type":"if","locations":[{"start":{"line":616,"column":2},"end":{"line":618,"column":3}},{"start":{},"end":{}}],"line":616},"20":{"loc":{"start":{"line":619,"column":2},"end":{"line":621,"column":3}},"type":"if","locations":[{"start":{"line":619,"column":2},"end":{"line":621,"column":3}},{"start":{},"end":{}}],"line":619},"21":{"loc":{"start":{"line":619,"column":6},"end":{"line":619,"column":44}},"type":"binary-expr","locations":[{"start":{"line":619,"column":6},"end":{"line":619,"column":20}},{"start":{"line":619,"column":24},"end":{"line":619,"column":37}},{"start":{"line":619,"column":41},"end":{"line":619,"column":44}}],"line":619},"22":{"loc":{"start":{"line":640,"column":2},"end":{"line":644,"column":3}},"type":"if","locations":[{"start":{"line":640,"column":2},"end":{"line":644,"column":3}},{"start":{"line":642,"column":9},"end":{"line":644,"column":3}}],"line":640},"23":{"loc":{"start":{"line":657,"column":39},"end":{"line":657,"column":79}},"type":"binary-expr","locations":[{"start":{"line":657,"column":39},"end":{"line":657,"column":65}},{"start":{"line":657,"column":69},"end":{"line":657,"column":79}}],"line":657},"24":{"loc":{"start":{"line":663,"column":2},"end":{"line":665,"column":3}},"type":"if","locations":[{"start":{"line":663,"column":2},"end":{"line":665,"column":3}},{"start":{},"end":{}}],"line":663},"25":{"loc":{"start":{"line":684,"column":21},"end":{"line":684,"column":32}},"type":"default-arg","locations":[{"start":{"line":684,"column":28},"end":{"line":684,"column":32}}],"line":684},"26":{"loc":{"start":{"line":688,"column":6},"end":{"line":692,"column":7}},"type":"if","locations":[{"start":{"line":688,"column":6},"end":{"line":692,"column":7}},{"start":{},"end":{}}],"line":688},"27":{"loc":{"start":{"line":698,"column":0},"end":{"line":700,"column":1}},"type":"if","locations":[{"start":{"line":698,"column":0},"end":{"line":700,"column":1}},{"start":{},"end":{}}],"line":698}},"s":{"0":3,"1":3,"2":3,"3":3,"4":3,"5":3,"6":3,"7":3,"8":3,"9":3,"10":3,"11":3,"12":3,"13":3,"14":3,"15":3,"16":3,"17":3,"18":3,"19":3,"20":3,"21":3,"22":3,"23":3,"24":3,"25":3,"26":3,"27":3,"28":3,"29":3,"30":3,"31":3,"32":3,"33":3,"34":3,"35":3,"36":3,"37":3,"38":17,"39":17,"40":17,"41":17,"42":0,"43":17,"44":3,"45":3,"46":3,"47":3,"48":3,"49":3,"50":3,"51":5,"52":5,"53":1,"54":4,"55":4,"56":1,"57":3,"58":3,"59":3,"60":3,"61":3,"62":1,"63":1,"64":0,"65":1,"66":3,"67":2,"68":1,"69":1,"70":1,"71":1,"72":0,"73":0,"74":1,"75":8,"76":3,"77":5,"78":3,"79":0,"80":0,"81":0,"82":0,"83":0,"84":0,"85":0,"86":0,"87":0,"88":0,"89":0,"90":0,"91":0,"92":0,"93":0,"94":0,"95":0,"96":0,"97":0,"98":0,"99":3,"100":0,"101":0,"102":0,"103":0,"104":3,"105":0,"106":0,"107":0,"108":0,"109":3,"110":0,"111":0,"112":0,"113":0,"114":3,"115":1,"116":1,"117":0,"118":3,"119":2,"120":2,"121":2,"122":1,"123":1,"124":0,"125":1,"126":1,"127":1,"128":1,"129":1,"130":1,"131":1,"132":0,"133":1,"134":1,"135":3,"136":1,"137":1,"138":3,"139":1,"140":0,"141":1,"142":3,"143":1,"144":3,"145":0,"146":3,"147":0,"148":3,"149":0,"150":3,"151":0,"152":3,"153":0,"154":0,"155":0,"156":0,"157":0,"158":0,"159":0,"160":0,"161":0,"162":3,"163":0,"164":3},"f":{"0":17,"1":17,"2":5,"3":1,"4":1,"5":2,"6":0,"7":8,"8":0,"9":0,"10":0,"11":0,"12":0,"13":0,"14":0,"15":1,"16":2,"17":1,"18":1,"19":1,"20":0,"21":0,"22":0,"23":0,"24":0,"25":0,"26":0,"27":0},"b":{"0":[3,0],"1":[0,17],"2":[3,0],"3":[1,4],"4":[5,5],"5":[1,3],"6":[0,1],"7":[1,1],"8":[0,1],"9":[3,5],"10":[0,0],"11":[0,0],"12":[0,0],"13":[0,0],"14":[0,0],"15":[0,0],"16":[0,0],"17":[0,0],"18":[0,0],"19":[1,1],"20":[0,1],"21":[1,1,1],"22":[0,1],"23":[1,1],"24":[0,1],"25":[0],"26":[0,0],"27":[0,3]},"_coverageSchema":"1a1c01bbd47fc00a2c39e90264f33305004495a9","hash":"4e8ae8b60bb4d34c33774183328d47aa2a4c5682"}
,"/Users/ananyakarn/Desktop/dev_ananya/vote-saarthi/Vote-saarthi/crypto/keys.js": {"path":"/Users/ananyakarn/Desktop/dev_ananya/vote-saarthi/Vote-saarthi/crypto/keys.js","statementMap":{"0":{"start":{"line":1,"column":15},"end":{"line":1,"column":32}},"1":{"start":{"line":3,"column":14},"end":{"line":3,"column":18}},"2":{"start":{"line":6,"column":2},"end":{"line":17,"column":5}},"3":{"start":{"line":7,"column":4},"end":{"line":16,"column":7}},"4":{"start":{"line":12,"column":6},"end":{"line":12,"column":27}},"5":{"start":{"line":12,"column":15},"end":{"line":12,"column":27}},"6":{"start":{"line":13,"column":6},"end":{"line":13,"column":42}},"7":{"start":{"line":14,"column":6},"end":{"line":14,"column":67}},"8":{"start":{"line":15,"column":6},"end":{"line":15,"column":23}},"9":{"start":{"line":21,"column":2},"end":{"line":21,"column":58}},"10":{"start":{"line":21,"column":16},"end":{"line":21,"column":58}},"11":{"start":{"line":22,"column":2},"end":{"line":22,"column":27}},"12":{"start":{"line":26,"column":2},"end":{"line":44,"column":3}},"13":{"start":{"line":27,"column":25},"end":{"line":27,"column":63}},"14":{"start":{"line":28,"column":28},"end":{"line":31,"column":5}},"15":{"start":{"line":32,"column":15},"end":{"line":32,"column":43}},"16":{"start":{"line":33,"column":26},"end":{"line":33,"column":65}},"17":{"start":{"line":34,"column":20},"end":{"line":34,"column":44}},"18":{"start":{"line":35,"column":23},"end":{"line":35,"column":50}},"19":{"start":{"line":36,"column":21},"end":{"line":36,"column":80}},"20":{"start":{"line":37,"column":4},"end":{"line":37,"column":33}},"21":{"start":{"line":38,"column":20},"end":{"line":38,"column":61}},"22":{"start":{"line":39,"column":4},"end":{"line":39,"column":40}},"23":{"start":{"line":40,"column":4},"end":{"line":40,"column":33}},"24":{"start":{"line":42,"column":4},"end":{"line":42,"column":52}},"25":{"start":{"line":43,"column":4},"end":{"line":43,"column":16}},"26":{"start":{"line":48,"column":2},"end":{"line":48,"column":158}},"27":{"start":{"line":51,"column":0},"end":{"line":51,"column":85}}},"fnMap":{"0":{"name":"generateKeyPair","decl":{"start":{"line":5,"column":15},"end":{"line":5,"column":30}},"loc":{"start":{"line":5,"column":33},"end":{"line":18,"column":1}},"line":5},"1":{"name":"(anonymous_1)","decl":{"start":{"line":6,"column":21},"end":{"line":6,"column":22}},"loc":{"start":{"line":6,"column":42},"end":{"line":17,"column":3}},"line":6},"2":{"name":"(anonymous_2)","decl":{"start":{"line":11,"column":7},"end":{"line":11,"column":8}},"loc":{"start":{"line":11,"column":39},"end":{"line":16,"column":5}},"line":11},"3":{"name":"getPublicKey","decl":{"start":{"line":20,"column":9},"end":{"line":20,"column":21}},"loc":{"start":{"line":20,"column":24},"end":{"line":23,"column":1}},"line":20},"4":{"name":"decryptVote","decl":{"start":{"line":25,"column":9},"end":{"line":25,"column":20}},"loc":{"start":{"line":25,"column":63},"end":{"line":45,"column":1}},"line":25},"5":{"name":"generateReceiptHash","decl":{"start":{"line":47,"column":9},"end":{"line":47,"column":28}},"loc":{"start":{"line":47,"column":49},"end":{"line":49,"column":1}},"line":47}},"branchMap":{"0":{"loc":{"start":{"line":12,"column":6},"end":{"line":12,"column":27}},"type":"if","locations":[{"start":{"line":12,"column":6},"end":{"line":12,"column":27}},{"start":{},"end":{}}],"line":12},"1":{"loc":{"start":{"line":21,"column":2},"end":{"line":21,"column":58}},"type":"if","locations":[{"start":{"line":21,"column":2},"end":{"line":21,"column":58}},{"start":{},"end":{}}],"line":21}},"s":{"0":3,"1":3,"2":1,"3":1,"4":1,"5":0,"6":1,"7":1,"8":1,"9":1,"10":0,"11":1,"12":1,"13":1,"14":1,"15":0,"16":0,"17":0,"18":0,"19":0,"20":0,"21":0,"22":0,"23":0,"24":1,"25":1,"26":1,"27":3},"f":{"0":1,"1":1,"2":1,"3":1,"4":1,"5":1},"b":{"0":[0,1],"1":[0,1]},"_coverageSchema":"1a1c01bbd47fc00a2c39e90264f33305004495a9","hash":"c43fb7bee0c1d81858dc6300b74d5f3ea0736f1e"}
}
