TN:
SF:server.js
FN:68,(anonymous_0)
FN:70,(anonymous_1)
FN:114,(anonymous_2)
FN:133,(anonymous_3)
FN:134,(anonymous_4)
FN:140,(anonymous_5)
FN:147,(anonymous_6)
FN:159,requireAuth
FN:166,(anonymous_8)
FN:555,(anonymous_9)
FN:571,(anonymous_10)
FN:576,(anonymous_11)
FN:582,(anonymous_12)
FN:588,(anonymous_13)
FN:594,(anonymous_14)
FN:604,(anonymous_15)
FN:612,(anonymous_16)
FN:655,(anonymous_17)
FN:661,(anonymous_18)
FN:669,(anonymous_19)
FN:676,(anonymous_20)
FN:677,(anonymous_21)
FN:678,(anonymous_22)
FN:679,(anonymous_23)
FN:680,(anonymous_24)
FN:684,start
FN:686,(anonymous_26)
FN:687,(anonymous_27)
FNF:28
FNH:12
FNDA:17,(anonymous_0)
FNDA:17,(anonymous_1)
FNDA:5,(anonymous_2)
FNDA:1,(anonymous_3)
FNDA:1,(anonymous_4)
FNDA:2,(anonymous_5)
FNDA:0,(anonymous_6)
FNDA:8,requireAuth
FNDA:0,(anonymous_8)
FNDA:0,(anonymous_9)
FNDA:0,(anonymous_10)
FNDA:0,(anonymous_11)
FNDA:0,(anonymous_12)
FNDA:0,(anonymous_13)
FNDA:0,(anonymous_14)
FNDA:1,(anonymous_15)
FNDA:2,(anonymous_16)
FNDA:1,(anonymous_17)
FNDA:1,(anonymous_18)
FNDA:1,(anonymous_19)
FNDA:0,(anonymous_20)
FNDA:0,(anonymous_21)
FNDA:0,(anonymous_22)
FNDA:0,(anonymous_23)
FNDA:0,(anonymous_24)
FNDA:0,start
FNDA:0,(anonymous_26)
FNDA:0,(anonymous_27)
DA:1,3
DA:2,3
DA:3,3
DA:4,3
DA:5,3
DA:6,3
DA:7,3
DA:8,3
DA:9,3
DA:12,3
DA:13,3
DA:14,3
DA:15,3
DA:16,3
DA:17,3
DA:18,3
DA:19,3
DA:20,3
DA:21,3
DA:22,3
DA:25,3
DA:26,3
DA:27,3
DA:29,3
DA:30,3
DA:33,3
DA:34,3
DA:35,3
DA:38,3
DA:39,3
DA:42,3
DA:59,3
DA:60,3
DA:61,3
DA:62,3
DA:63,3
DA:64,3
DA:68,3
DA:69,17
DA:70,17
DA:71,17
DA:72,17
DA:73,0
DA:76,17
DA:80,3
DA:92,3
DA:95,3
DA:101,3
DA:107,3
DA:110,3
DA:114,3
DA:115,5
DA:116,5
DA:117,1
DA:119,4
DA:120,4
DA:121,1
DA:123,3
DA:124,3
DA:125,3
DA:126,3
DA:133,3
DA:134,1
DA:135,1
DA:136,1
DA:140,3
DA:141,2
DA:142,1
DA:144,1
DA:145,1
DA:146,1
DA:147,0
DA:148,0
DA:150,1
DA:160,8
DA:161,5
DA:166,3
DA:167,0
DA:168,0
DA:171,0
DA:554,0
DA:555,0
DA:556,0
DA:557,0
DA:559,0
DA:560,0
DA:561,0
DA:562,0
DA:563,0
DA:565,0
DA:568,0
DA:571,0
DA:572,0
DA:575,0
DA:576,0
DA:582,3
DA:583,0
DA:584,0
DA:585,0
DA:588,3
DA:589,0
DA:590,0
DA:591,0
DA:594,3
DA:595,0
DA:596,0
DA:597,0
DA:599,0
DA:604,3
DA:605,1
DA:606,1
DA:608,0
DA:612,3
DA:613,2
DA:614,2
DA:616,2
DA:617,1
DA:619,1
DA:620,0
DA:624,1
DA:625,1
DA:627,1
DA:635,1
DA:636,1
DA:639,1
DA:640,1
DA:641,0
DA:643,1
DA:646,1
DA:655,3
DA:657,1
DA:658,1
DA:661,3
DA:663,1
DA:664,0
DA:666,1
DA:669,3
DA:671,1
DA:676,3
DA:677,3
DA:678,3
DA:679,3
DA:680,3
DA:685,0
DA:686,0
DA:687,0
DA:688,0
DA:689,0
DA:690,0
DA:691,0
DA:693,0
DA:698,3
DA:699,0
DA:702,3
LF:154
LH:110
BRDA:30,0,0,3
BRDA:30,0,1,0
BRDA:72,1,0,0
BRDA:72,1,1,17
BRDA:81,2,0,3
BRDA:81,2,1,0
BRDA:116,3,0,1
BRDA:116,3,1,4
BRDA:116,4,0,5
BRDA:116,4,1,5
BRDA:120,5,0,1
BRDA:120,5,1,3
BRDA:135,6,0,0
BRDA:135,6,1,1
BRDA:141,7,0,1
BRDA:141,7,1,1
BRDA:146,8,0,0
BRDA:146,8,1,1
BRDA:160,9,0,3
BRDA:160,9,1,5
BRDA:168,10,0,0
BRDA:168,10,1,0
BRDA:168,11,0,0
BRDA:168,11,1,0
BRDA:559,12,0,0
BRDA:559,12,1,0
BRDA:560,13,0,0
BRDA:560,13,1,0
BRDA:565,14,0,0
BRDA:565,14,1,0
BRDA:584,15,0,0
BRDA:584,15,1,0
BRDA:590,16,0,0
BRDA:590,16,1,0
BRDA:596,17,0,0
BRDA:596,17,1,0
BRDA:596,18,0,0
BRDA:596,18,1,0
BRDA:616,19,0,1
BRDA:616,19,1,1
BRDA:619,20,0,0
BRDA:619,20,1,1
BRDA:619,21,0,1
BRDA:619,21,1,1
BRDA:619,21,2,1
BRDA:640,22,0,0
BRDA:640,22,1,1
BRDA:657,23,0,1
BRDA:657,23,1,1
BRDA:663,24,0,0
BRDA:663,24,1,1
BRDA:684,25,0,0
BRDA:688,26,0,0
BRDA:688,26,1,0
BRDA:698,27,0,0
BRDA:698,27,1,3
BRF:56
BRH:26
end_of_record
TN:
SF:crypto/keys.js
FN:5,generateKeyPair
FN:6,(anonymous_1)
FN:11,(anonymous_2)
FN:20,getPublicKey
FN:25,decryptVote
FN:47,generateReceiptHash
FNF:6
FNH:6
FNDA:1,generateKeyPair
FNDA:1,(anonymous_1)
FNDA:1,(anonymous_2)
FNDA:1,getPublicKey
FNDA:1,decryptVote
FNDA:1,generateReceiptHash
DA:1,3
DA:3,3
DA:6,1
DA:7,1
DA:12,1
DA:13,1
DA:14,1
DA:15,1
DA:21,1
DA:22,1
DA:26,1
DA:27,1
DA:28,1
DA:32,0
DA:33,0
DA:34,0
DA:35,0
DA:36,0
DA:37,0
DA:38,0
DA:39,0
DA:40,0
DA:42,1
DA:43,1
DA:48,1
DA:51,3
LF:26
LH:17
BRDA:12,0,0,0
BRDA:12,0,1,1
BRDA:21,1,0,0
BRDA:21,1,1,1
BRF:4
BRH:2
end_of_record
